<?xml version="1.0" encoding="UTF-8"?>
<testsuite xmlns:xsi="http://www.w3.org/2001/XMLSchema-instance" xsi:noNamespaceSchemaLocation="https://maven.apache.org/surefire/maven-surefire-plugin/xsd/surefire-test-report.xsd" name="ticketview.zenticketviewer.TestSuite" time="7.741" tests="26" errors="0" skipped="0" failures="2">
  <properties>
[...]
</properties>
  <testcase name="showTicketWithIdNotExist" classname="ticketview.zenticketviewer.TicketTest" time="0.561"/>
  <testcase name="showTicketWithIdMinus" classname="ticketview.zenticketviewer.TicketTest" time="0"/>
  <testcase name="showTicketWithIdValid" classname="ticketview.zenticketviewer.TicketTest" time="0.428"/>
  <testcase name="showTicketWithId0" classname="ticketview.zenticketviewer.TicketTest" time="0"/>
  <testcase name="listTicketsWithPerPageMinus" classname="ticketview.zenticketviewer.TicketListTest" time="0.001"/>
  <testcase name="listTicketsWithoutRecords" classname="ticketview.zenticketviewer.TicketListTest" time="1.868"/>
  <testcase name="listTicketsWithPageMinus" classname="ticketview.zenticketviewer.TicketListTest" time="0"/>
  <testcase name="listTicketsWithPage0" classname="ticketview.zenticketviewer.TicketListTest" time="0"/>
  <testcase name="listTicketsWithPerPageMaximum" classname="ticketview.zenticketviewer.TicketListTest" time="0.544"/>
  <testcase name="listTicketsWithPerPageExceedLimit" classname="ticketview.zenticketviewer.TicketListTest" time="1.609">
    <failure message="expected:&lt;[SUCCESS]&gt; but was:&lt;[Error: no records found]&gt;" type="org.junit.ComparisonFailure"><![CDATA[org.junit.ComparisonFailure: expected:<[SUCCESS]> but was:<[Error: no records found]>
	at ticketview.zenticketviewer.TicketListTest.listTicketsWithPerPageExceedLimit(TicketListTest.java:58)
]]></failure>
    <system-out><![CDATA[
Processing your request, please wait...

                                     ** Displaying page number 1 ** 
 ------------------------------------------------------------------------------------------------------------------------------------
| ID         | Type       | Subject                                            | Priority   | Status     | Created                   |
 ------------------------------------------------------------------------------------------------------------------------------------
| 1          | incident   | Sample ticket: Meet the ticket                     | normal     | open       | 2021-11-26T19:28:40Z      |
| 2          | null       | My printer is on fire!                             | null       | open       | 2021-11-27T02:28:33Z      |
| 3          | null       | Help!                                              | null       | open       | 2021-11-27T02:28:34Z      |
| 4          | null       | Test 4!                                            | null       | open       | 2021-11-27T02:37:04Z      |
| 5          | null       | Test5!                                             | null       | open       | 2021-11-27T02:37:04Z      |
| 6          | null       | Test6!                                             | null       | open       | 2021-11-27T02:37:05Z      |
| 7          | null       | Test7!                                             | null       | open       | 2021-11-27T02:37:06Z      |
| 8          | null       | Test8!                                             | null       | open       | 2021-11-27T02:37:06Z      |
| 9          | null       | Test9!                                             | null       | open       | 2021-11-27T02:37:07Z      |
| 10         | null       | Test10!                                            | null       | open       | 2021-11-27T02:37:07Z      |
| 11         | null       | Test11!                                            | null       | open       | 2021-11-27T02:37:08Z      |
| 12         | null       | Test12!                                            | null       | open       | 2021-11-27T02:37:09Z      |
| 13         | null       | Test13!                                            | null       | open       | 2021-11-27T02:37:09Z      |
| 14         | null       | Test14!                                            | null       | open       | 2021-11-27T02:37:10Z      |
| 15         | null       | Test15!                                            | null       | open       | 2021-11-27T02:37:11Z      |
| 16         | null       | Test16!                                            | null       | open       | 2021-11-27T02:37:11Z      |
| 17         | null       | Test17!                                            | null       | open       | 2021-11-27T02:37:12Z      |
| 18         | null       | Test18!                                            | null       | open       | 2021-11-27T02:37:12Z      |
| 19         | null       | Test19!                                            | null       | open       | 2021-11-27T02:37:13Z      |
| 20         | null       | Test20!                                            | null       | open       | 2021-11-27T02:37:14Z      |
| 21         | null       | Test21!                                            | null       | open       | 2021-11-27T02:37:14Z      |
| 22         | null       | Test22!                                            | null       | open       | 2021-11-27T02:37:15Z      |
| 23         | null       | Test23!                                            | null       | open       | 2021-11-27T02:37:16Z      |
| 24         | null       | Test24!                                            | null       | open       | 2021-11-27T02:37:16Z      |
| 25         | null       | Test25!                                            | null       | open       | 2021-11-27T02:37:17Z      |
 ------------------------------------------------------------------------------------------------------------------------------------

Processing your request, please wait...

                                     ** Displaying page number 2 ** 
 ------------------------------------------------------------------------------------------------------------------------------------
| ID         | Type       | Subject                                            | Priority   | Status     | Created                   |
 ------------------------------------------------------------------------------------------------------------------------------------
| 26         | null       | Test26!                                            | null       | open       | 2021-11-27T02:37:18Z      |
| 27         | null       | Test27!                                            | null       | open       | 2021-11-27T02:37:18Z      |
| 28         | null       | Test28!                                            | null       | open       | 2021-11-27T02:37:19Z      |
| 29         | null       | Test29!                                            | null       | open       | 2021-11-27T02:37:19Z      |
| 30         | null       | Test30!                                            | null       | open       | 2021-11-27T02:37:20Z      |
 ------------------------------------------------------------------------------------------------------------------------------------

Processing your request, please wait...

Processing your request, please wait...
]]></system-out>
  </testcase>
  <testcase name="listTicketsWithPageNotExist" classname="ticketview.zenticketviewer.TicketListTest" time="0.431"/>
  <testcase name="listTicketsWithPerPageExceedTotalTickets" classname="ticketview.zenticketviewer.TicketListTest" time="0.625"/>
  <testcase name="listTicketsWithPerPage0" classname="ticketview.zenticketviewer.TicketListTest" time="0"/>
  <testcase name="listTicketsWithValidParameters" classname="ticketview.zenticketviewer.TicketListTest" time="0.652">
    <failure message="expected:&lt;5&gt; but was:&lt;25&gt;" type="java.lang.AssertionError"><![CDATA[java.lang.AssertionError: expected:<5> but was:<25>
	at ticketview.zenticketviewer.TicketListTest.listTicketsWithValidParameters(TicketListTest.java:20)
]]></failure>
    <system-out><![CDATA[
Processing your request, please wait...

                                     ** Displaying page number 2 ** 
 ------------------------------------------------------------------------------------------------------------------------------------
| ID         | Type       | Subject                                            | Priority   | Status     | Created                   |
 ------------------------------------------------------------------------------------------------------------------------------------
| 26         | null       | Test26!                                            | null       | open       | 2021-11-27T02:37:18Z      |
| 27         | null       | Test27!                                            | null       | open       | 2021-11-27T02:37:18Z      |
| 28         | null       | Test28!                                            | null       | open       | 2021-11-27T02:37:19Z      |
| 29         | null       | Test29!                                            | null       | open       | 2021-11-27T02:37:19Z      |
| 30         | null       | Test30!                                            | null       | open       | 2021-11-27T02:37:20Z      |
 ------------------------------------------------------------------------------------------------------------------------------------
]]></system-out>
  </testcase>
  <testcase name="sendGetWithNonExistEndpoint" classname="ticketview.zenticketviewer.HttpRequestsTest" time="0.274"/>
  <testcase name="sendGetWithWithParameters" classname="ticketview.zenticketviewer.HttpRequestsTest" time="0.41"/>
  <testcase name="sendGetWithExistWithoutParameters" classname="ticketview.zenticketviewer.HttpRequestsTest" time="0.303"/>
  <testcase name="parseTicketListSizeShorterThan25" classname="ticketview.zenticketviewer.JsonParserTest" time="0.001"/>
  <testcase name="parseTicketListWithSingleTicketContent" classname="ticketview.zenticketviewer.JsonParserTest" time="0.001"/>
  <testcase name="SingleTicketParsingForNonJsonConent" classname="ticketview.zenticketviewer.JsonParserTest" time="0.002"/>
  <testcase name="parseSingleTicket" classname="ticketview.zenticketviewer.JsonParserTest" time="0.002"/>
  <testcase name="parseTicketListSizeLongerThan25" classname="ticketview.zenticketviewer.JsonParserTest" time="0.005"/>
  <testcase name="TicketListParsingForNonJsonContent" classname="ticketview.zenticketviewer.JsonParserTest" time="0.001"/>
  <testcase name="parseSingleTicketWithTicketListContent" classname="ticketview.zenticketviewer.JsonParserTest" time="0"/>
  <testcase name="parseTicketListSizeEqual25" classname="ticketview.zenticketviewer.JsonParserTest" time="0.002"/>
  <testcase name="ParseTicketListWithEmptyTicketArrayObject" classname="ticketview.zenticketviewer.JsonParserTest" time="0"/>
</testsuite>